
*** Running vivado
    with args -log fp_alu_top.vds -m64 -product Vivado -mode batch -messageDb vivado.pb -notrace -source fp_alu_top.tcl



****** Vivado v2025.1 (64-bit)
  **** SW Build 6140274 on Thu May 22 00:12:29 MDT 2025
  **** IP Build 6138677 on Thu May 22 03:10:11 MDT 2025
  **** SharedData Build 6139179 on Tue May 20 17:58:58 MDT 2025
  **** Start of session at: Fri Oct 10 16:45:45 2025
    ** Copyright 1986-2022 Xilinx, Inc. All Rights Reserved.
    ** Copyright 2022-2025 Advanced Micro Devices, Inc. All Rights Reserved.

source fp_alu_top.tcl -notrace
Command: synth_design -top fp_alu_top -part xc7a35tcpg236-1
Starting synth_design
Attempting to get a license for feature 'Synthesis' and/or device 'xc7a35t'
INFO: [Common 17-349] Got license for feature 'Synthesis' and/or device 'xc7a35t'
INFO: [Device 21-403] Loading part xc7a35tcpg236-1
INFO: [Synth 8-7079] Multithreading enabled for synth_design using a maximum of 2 processes.
INFO: [Synth 8-7078] Launching helper process for spawning children vivado processes
INFO: [Synth 8-7075] Helper process launched with PID 19168
---------------------------------------------------------------------------------
Starting RTL Elaboration : Time (s): cpu = 00:00:04 ; elapsed = 00:00:04 . Memory (MB): peak = 1175.410 ; gain = 492.043
---------------------------------------------------------------------------------
WARNING: [Synth 8-9448] extra semicolon in $unit (global) scope [C:/Users/cosea/Documents/vivado/Arch_Project/Arch_Project.srcs/sources_1/new/src/input_loader_dual.v:1]
WARNING: [Synth 8-9448] extra semicolon in $unit (global) scope [C:/Users/cosea/Documents/vivado/Arch_Project/Arch_Project.srcs/sources_1/new/src/fp_alu_top.v:1]
WARNING: [Synth 8-6901] identifier 'mask' is used before its declaration [C:/Users/cosea/Documents/vivado/Arch_Project/Arch_Project.srcs/sources_1/new/division/fpu_div_fp32_vivado.v:218]
WARNING: [Synth 8-6901] identifier 'mask' is used before its declaration [C:/Users/cosea/Documents/vivado/Arch_Project/Arch_Project.srcs/sources_1/new/division/fpu_div_fp32_vivado.v:219]
INFO: [Synth 8-6157] synthesizing module 'fp_alu_top' [C:/Users/cosea/Documents/vivado/Arch_Project/Arch_Project.srcs/sources_1/new/src/fp_alu_top.v:23]
INFO: [Synth 8-6157] synthesizing module 'input_loader_dual' [C:/Users/cosea/Documents/vivado/Arch_Project/Arch_Project.srcs/sources_1/new/src/input_loader_dual.v:12]
INFO: [Synth 8-6155] done synthesizing module 'input_loader_dual' (0#1) [C:/Users/cosea/Documents/vivado/Arch_Project/Arch_Project.srcs/sources_1/new/src/input_loader_dual.v:12]
INFO: [Synth 8-6157] synthesizing module 'fpu_top' [C:/Users/cosea/Documents/vivado/Arch_Project/Arch_Project.srcs/sources_1/new/src/fpu_top.v:23]
INFO: [Synth 8-6157] synthesizing module 'fpu_addsub' [C:/Users/cosea/Documents/vivado/Arch_Project/Arch_Project.srcs/sources_1/new/src/fpu_addsub.v:2]
INFO: [Synth 8-6155] done synthesizing module 'fpu_addsub' (0#1) [C:/Users/cosea/Documents/vivado/Arch_Project/Arch_Project.srcs/sources_1/new/src/fpu_addsub.v:2]
INFO: [Synth 8-6157] synthesizing module 'fpu_muldiv' [C:/Users/cosea/Documents/vivado/Arch_Project/Arch_Project.srcs/sources_1/new/src/fpu_muldiv.v:40]
INFO: [Synth 8-6157] synthesizing module 'fpu_mul_fp32_vivado' [C:/Users/cosea/Documents/vivado/Arch_Project/Arch_Project.srcs/sources_1/new/multiplicacion/fpu_mul_fp32_vivado.v:26]
INFO: [Synth 8-6155] done synthesizing module 'fpu_mul_fp32_vivado' (0#1) [C:/Users/cosea/Documents/vivado/Arch_Project/Arch_Project.srcs/sources_1/new/multiplicacion/fpu_mul_fp32_vivado.v:26]
INFO: [Synth 8-6157] synthesizing module 'fpu_div_fp32_vivado' [C:/Users/cosea/Documents/vivado/Arch_Project/Arch_Project.srcs/sources_1/new/division/fpu_div_fp32_vivado.v:26]
INFO: [Synth 8-6155] done synthesizing module 'fpu_div_fp32_vivado' (0#1) [C:/Users/cosea/Documents/vivado/Arch_Project/Arch_Project.srcs/sources_1/new/division/fpu_div_fp32_vivado.v:26]
INFO: [Synth 8-6155] done synthesizing module 'fpu_muldiv' (0#1) [C:/Users/cosea/Documents/vivado/Arch_Project/Arch_Project.srcs/sources_1/new/src/fpu_muldiv.v:40]
INFO: [Synth 8-6155] done synthesizing module 'fpu_top' (0#1) [C:/Users/cosea/Documents/vivado/Arch_Project/Arch_Project.srcs/sources_1/new/src/fpu_top.v:23]
INFO: [Synth 8-6157] synthesizing module 'sevenseg_driver' [C:/Users/cosea/Documents/vivado/Arch_Project/Arch_Project.srcs/sources_1/new/src/sevenseg_driver.v:23]
	Parameter INPUT_CLK_HZ bound to: 100000000 - type: integer 
INFO: [Synth 8-6155] done synthesizing module 'sevenseg_driver' (0#1) [C:/Users/cosea/Documents/vivado/Arch_Project/Arch_Project.srcs/sources_1/new/src/sevenseg_driver.v:23]
INFO: [Synth 8-6155] done synthesizing module 'fp_alu_top' (0#1) [C:/Users/cosea/Documents/vivado/Arch_Project/Arch_Project.srcs/sources_1/new/src/fp_alu_top.v:23]
WARNING: [Synth 8-3936] Found unconnected internal register 'Pn_reg' and it is trimmed from '48' to '47' bits. [C:/Users/cosea/Documents/vivado/Arch_Project/Arch_Project.srcs/sources_1/new/multiplicacion/fpu_mul_fp32_vivado.v:117]
WARNING: [Synth 8-6014] Unused sequential element result_r_reg was removed.  [C:/Users/cosea/Documents/vivado/Arch_Project/Arch_Project.srcs/sources_1/new/division/fpu_div_fp32_vivado.v:238]
WARNING: [Synth 8-6014] Unused sequential element flags_r_reg was removed.  [C:/Users/cosea/Documents/vivado/Arch_Project/Arch_Project.srcs/sources_1/new/division/fpu_div_fp32_vivado.v:239]
WARNING: [Synth 8-7129] Port round_mode[1] in module fpu_muldiv is either unconnected or has no load
WARNING: [Synth 8-7129] Port round_mode[0] in module fpu_muldiv is either unconnected or has no load
WARNING: [Synth 8-7129] Port sw[15] in module fp_alu_top is either unconnected or has no load
WARNING: [Synth 8-7129] Port sw[14] in module fp_alu_top is either unconnected or has no load
WARNING: [Synth 8-7129] Port sw[13] in module fp_alu_top is either unconnected or has no load
WARNING: [Synth 8-7129] Port sw[12] in module fp_alu_top is either unconnected or has no load
---------------------------------------------------------------------------------
Finished RTL Elaboration : Time (s): cpu = 00:00:05 ; elapsed = 00:00:06 . Memory (MB): peak = 1299.289 ; gain = 615.922
---------------------------------------------------------------------------------
---------------------------------------------------------------------------------
Start Handling Custom Attributes
---------------------------------------------------------------------------------
---------------------------------------------------------------------------------
Finished Handling Custom Attributes : Time (s): cpu = 00:00:05 ; elapsed = 00:00:06 . Memory (MB): peak = 1299.289 ; gain = 615.922
---------------------------------------------------------------------------------
---------------------------------------------------------------------------------
Finished RTL Optimization Phase 1 : Time (s): cpu = 00:00:05 ; elapsed = 00:00:06 . Memory (MB): peak = 1299.289 ; gain = 615.922
---------------------------------------------------------------------------------
Netlist sorting complete. Time (s): cpu = 00:00:00 ; elapsed = 00:00:00.027 . Memory (MB): peak = 1299.289 ; gain = 0.000
INFO: [Project 1-570] Preparing netlist for logic optimization

Processing XDC Constraints
Initializing timing engine
Parsing XDC File [C:/Users/cosea/Documents/vivado/Arch_Project/Arch_Project.srcs/constrs_1/new/placa.xdc]
Finished Parsing XDC File [C:/Users/cosea/Documents/vivado/Arch_Project/Arch_Project.srcs/constrs_1/new/placa.xdc]
INFO: [Project 1-236] Implementation specific constraints were found while reading constraint file [C:/Users/cosea/Documents/vivado/Arch_Project/Arch_Project.srcs/constrs_1/new/placa.xdc]. These constraints will be ignored for synthesis but will be used in implementation. Impacted constraints are listed in the file [.Xil/fp_alu_top_propImpl.xdc].
Resolution: To avoid this warning, move constraints listed in [.Xil/fp_alu_top_propImpl.xdc] to another XDC file and exclude this new file from synthesis with the used_in_synthesis property (File Properties dialog in GUI) and re-run elaboration/synthesis.
Completed Processing XDC Constraints

Netlist sorting complete. Time (s): cpu = 00:00:00 ; elapsed = 00:00:00.001 . Memory (MB): peak = 1381.180 ; gain = 0.000
INFO: [Project 1-111] Unisim Transformation Summary:
No Unisim elements were transformed.

Constraint Validation Runtime : Time (s): cpu = 00:00:00 ; elapsed = 00:00:00.007 . Memory (MB): peak = 1381.180 ; gain = 0.000
---------------------------------------------------------------------------------
Finished Constraint Validation : Time (s): cpu = 00:00:11 ; elapsed = 00:00:13 . Memory (MB): peak = 1381.180 ; gain = 697.812
---------------------------------------------------------------------------------
---------------------------------------------------------------------------------
Start Loading Part and Timing Information
---------------------------------------------------------------------------------
Loading part: xc7a35tcpg236-1
---------------------------------------------------------------------------------
Finished Loading Part and Timing Information : Time (s): cpu = 00:00:11 ; elapsed = 00:00:13 . Memory (MB): peak = 1381.180 ; gain = 697.812
---------------------------------------------------------------------------------
---------------------------------------------------------------------------------
Start Applying 'set_property' XDC Constraints
---------------------------------------------------------------------------------
---------------------------------------------------------------------------------
Finished applying 'set_property' XDC Constraints : Time (s): cpu = 00:00:11 ; elapsed = 00:00:13 . Memory (MB): peak = 1381.180 ; gain = 697.812
---------------------------------------------------------------------------------
INFO: [Synth 8-802] inferred FSM for state register 'state_reg' in module 'fpu_top'
---------------------------------------------------------------------------------------------------
                   State |                     New Encoding |                Previous Encoding 
---------------------------------------------------------------------------------------------------
                    IDLE |                              000 |                              000
                    LOAD |                              001 |                              001
                 EXECUTE |                              010 |                              010
                   ROUND |                              011 |                              011
                    DONE |                              100 |                              100
---------------------------------------------------------------------------------------------------
INFO: [Synth 8-3354] encoded FSM with state register 'state_reg' using encoding 'sequential' in module 'fpu_top'
---------------------------------------------------------------------------------
Finished RTL Optimization Phase 2 : Time (s): cpu = 00:00:16 ; elapsed = 00:00:18 . Memory (MB): peak = 1755.227 ; gain = 1071.859
---------------------------------------------------------------------------------
---------------------------------------------------------------------------------
Start RTL Component Statistics 
---------------------------------------------------------------------------------
Detailed RTL Component Info : 
+---Adders : 
	   2 Input   32 Bit       Adders := 11    
	   8 Input   32 Bit       Adders := 2     
	   3 Input   28 Bit       Adders := 1     
	   2 Input   25 Bit       Adders := 2     
	   2 Input   24 Bit       Adders := 3     
	   2 Input   14 Bit       Adders := 2     
	   2 Input   13 Bit       Adders := 4     
	   4 Input   13 Bit       Adders := 1     
	   2 Input   10 Bit       Adders := 2     
	   2 Input    9 Bit       Adders := 4     
	   3 Input    8 Bit       Adders := 15    
	   2 Input    8 Bit       Adders := 18    
	   2 Input    7 Bit       Adders := 2     
	   2 Input    5 Bit       Adders := 1     
	   2 Input    4 Bit       Adders := 1     
+---XORs : 
	   2 Input      1 Bit         XORs := 4     
+---Registers : 
	               32 Bit    Registers := 6     
	                7 Bit    Registers := 1     
	                5 Bit    Registers := 4     
	                4 Bit    Registers := 3     
	                1 Bit    Registers := 11    
+---Muxes : 
	   2 Input   47 Bit        Muxes := 2     
	   2 Input   32 Bit        Muxes := 33    
	   5 Input   32 Bit        Muxes := 1     
	   2 Input   31 Bit        Muxes := 1     
	   2 Input   28 Bit        Muxes := 30    
	   2 Input   27 Bit        Muxes := 9     
	   2 Input   24 Bit        Muxes := 10    
	   2 Input   23 Bit        Muxes := 4     
	   2 Input   16 Bit        Muxes := 2     
	   2 Input   13 Bit        Muxes := 2     
	   2 Input   10 Bit        Muxes := 25    
	   2 Input    8 Bit        Muxes := 9     
	   2 Input    5 Bit        Muxes := 20    
	   4 Input    5 Bit        Muxes := 1     
	   6 Input    5 Bit        Muxes := 1     
	   2 Input    4 Bit        Muxes := 1     
	   4 Input    4 Bit        Muxes := 3     
	   5 Input    3 Bit        Muxes := 1     
	   2 Input    2 Bit        Muxes := 17    
	   2 Input    1 Bit        Muxes := 26    
	   3 Input    1 Bit        Muxes := 1     
	   5 Input    1 Bit        Muxes := 1     
---------------------------------------------------------------------------------
Finished RTL Component Statistics 
---------------------------------------------------------------------------------
---------------------------------------------------------------------------------
Start Part Resource Summary
---------------------------------------------------------------------------------
Part Resources:
DSPs: 90 (col length:60)
BRAMs: 100 (col length: RAMB18 60 RAMB36 30)
---------------------------------------------------------------------------------
Finished Part Resource Summary
---------------------------------------------------------------------------------
---------------------------------------------------------------------------------
Start Cross Boundary and Area Optimization
---------------------------------------------------------------------------------
WARNING: [Synth 8-7080] Parallel synthesis criteria is not met
DSP Report: Generating DSP PROD, operation Mode is: A*B.
DSP Report: operator PROD is absorbed into DSP PROD.
DSP Report: operator PROD is absorbed into DSP PROD.
DSP Report: Generating DSP PROD, operation Mode is: (PCIN>>17)+A*B.
DSP Report: operator PROD is absorbed into DSP PROD.
DSP Report: operator PROD is absorbed into DSP PROD.
WARNING: [Synth 8-7129] Port round_mode[1] in module fpu_muldiv is either unconnected or has no load
WARNING: [Synth 8-7129] Port round_mode[0] in module fpu_muldiv is either unconnected or has no load
WARNING: [Synth 8-7129] Port sw[15] in module fp_alu_top is either unconnected or has no load
WARNING: [Synth 8-7129] Port sw[14] in module fp_alu_top is either unconnected or has no load
WARNING: [Synth 8-7129] Port sw[13] in module fp_alu_top is either unconnected or has no load
WARNING: [Synth 8-7129] Port sw[12] in module fp_alu_top is either unconnected or has no load
CRITICAL WARNING: [Synth 8-6859] multi-driven net on pin Q with 1st driver pin 'u_fpu/u_muldiv/U_DIV/result_reg[31]/Q' [C:/Users/cosea/Documents/vivado/Arch_Project/Arch_Project.srcs/sources_1/new/division/fpu_div_fp32_vivado.v:240]
CRITICAL WARNING: [Synth 8-6859] multi-driven net on pin Q with 2nd driver pin 'GND' [C:/Users/cosea/Documents/vivado/Arch_Project/Arch_Project.srcs/sources_1/new/division/fpu_div_fp32_vivado.v:240]
CRITICAL WARNING: [Synth 8-6858] multi-driven net Q is connected to at least one constant driver which has been preserved, other driver is ignored [C:/Users/cosea/Documents/vivado/Arch_Project/Arch_Project.srcs/sources_1/new/division/fpu_div_fp32_vivado.v:240]
CRITICAL WARNING: [Synth 8-6859] multi-driven net on pin Q with 1st driver pin 'u_fpu/u_muldiv/U_DIV/result_reg[30]/Q' [C:/Users/cosea/Documents/vivado/Arch_Project/Arch_Project.srcs/sources_1/new/division/fpu_div_fp32_vivado.v:240]
CRITICAL WARNING: [Synth 8-6859] multi-driven net on pin Q with 2nd driver pin 'GND' [C:/Users/cosea/Documents/vivado/Arch_Project/Arch_Project.srcs/sources_1/new/division/fpu_div_fp32_vivado.v:240]
CRITICAL WARNING: [Synth 8-6858] multi-driven net Q is connected to at least one constant driver which has been preserved, other driver is ignored [C:/Users/cosea/Documents/vivado/Arch_Project/Arch_Project.srcs/sources_1/new/division/fpu_div_fp32_vivado.v:240]
CRITICAL WARNING: [Synth 8-6859] multi-driven net on pin Q with 1st driver pin 'u_fpu/u_muldiv/U_DIV/result_reg[29]/Q' [C:/Users/cosea/Documents/vivado/Arch_Project/Arch_Project.srcs/sources_1/new/division/fpu_div_fp32_vivado.v:240]
CRITICAL WARNING: [Synth 8-6859] multi-driven net on pin Q with 2nd driver pin 'GND' [C:/Users/cosea/Documents/vivado/Arch_Project/Arch_Project.srcs/sources_1/new/division/fpu_div_fp32_vivado.v:240]
CRITICAL WARNING: [Synth 8-6858] multi-driven net Q is connected to at least one constant driver which has been preserved, other driver is ignored [C:/Users/cosea/Documents/vivado/Arch_Project/Arch_Project.srcs/sources_1/new/division/fpu_div_fp32_vivado.v:240]
CRITICAL WARNING: [Synth 8-6859] multi-driven net on pin Q with 1st driver pin 'u_fpu/u_muldiv/U_DIV/result_reg[28]/Q' [C:/Users/cosea/Documents/vivado/Arch_Project/Arch_Project.srcs/sources_1/new/division/fpu_div_fp32_vivado.v:240]
CRITICAL WARNING: [Synth 8-6859] multi-driven net on pin Q with 2nd driver pin 'GND' [C:/Users/cosea/Documents/vivado/Arch_Project/Arch_Project.srcs/sources_1/new/division/fpu_div_fp32_vivado.v:240]
CRITICAL WARNING: [Synth 8-6858] multi-driven net Q is connected to at least one constant driver which has been preserved, other driver is ignored [C:/Users/cosea/Documents/vivado/Arch_Project/Arch_Project.srcs/sources_1/new/division/fpu_div_fp32_vivado.v:240]
CRITICAL WARNING: [Synth 8-6859] multi-driven net on pin Q with 1st driver pin 'u_fpu/u_muldiv/U_DIV/result_reg[27]/Q' [C:/Users/cosea/Documents/vivado/Arch_Project/Arch_Project.srcs/sources_1/new/division/fpu_div_fp32_vivado.v:240]
CRITICAL WARNING: [Synth 8-6859] multi-driven net on pin Q with 2nd driver pin 'GND' [C:/Users/cosea/Documents/vivado/Arch_Project/Arch_Project.srcs/sources_1/new/division/fpu_div_fp32_vivado.v:240]
CRITICAL WARNING: [Synth 8-6858] multi-driven net Q is connected to at least one constant driver which has been preserved, other driver is ignored [C:/Users/cosea/Documents/vivado/Arch_Project/Arch_Project.srcs/sources_1/new/division/fpu_div_fp32_vivado.v:240]
CRITICAL WARNING: [Synth 8-6859] multi-driven net on pin Q with 1st driver pin 'u_fpu/u_muldiv/U_DIV/result_reg[26]/Q' [C:/Users/cosea/Documents/vivado/Arch_Project/Arch_Project.srcs/sources_1/new/division/fpu_div_fp32_vivado.v:240]
CRITICAL WARNING: [Synth 8-6859] multi-driven net on pin Q with 2nd driver pin 'GND' [C:/Users/cosea/Documents/vivado/Arch_Project/Arch_Project.srcs/sources_1/new/division/fpu_div_fp32_vivado.v:240]
CRITICAL WARNING: [Synth 8-6858] multi-driven net Q is connected to at least one constant driver which has been preserved, other driver is ignored [C:/Users/cosea/Documents/vivado/Arch_Project/Arch_Project.srcs/sources_1/new/division/fpu_div_fp32_vivado.v:240]
CRITICAL WARNING: [Synth 8-6859] multi-driven net on pin Q with 1st driver pin 'u_fpu/u_muldiv/U_DIV/result_reg[25]/Q' [C:/Users/cosea/Documents/vivado/Arch_Project/Arch_Project.srcs/sources_1/new/division/fpu_div_fp32_vivado.v:240]
CRITICAL WARNING: [Synth 8-6859] multi-driven net on pin Q with 2nd driver pin 'GND' [C:/Users/cosea/Documents/vivado/Arch_Project/Arch_Project.srcs/sources_1/new/division/fpu_div_fp32_vivado.v:240]
CRITICAL WARNING: [Synth 8-6858] multi-driven net Q is connected to at least one constant driver which has been preserved, other driver is ignored [C:/Users/cosea/Documents/vivado/Arch_Project/Arch_Project.srcs/sources_1/new/division/fpu_div_fp32_vivado.v:240]
CRITICAL WARNING: [Synth 8-6859] multi-driven net on pin Q with 1st driver pin 'u_fpu/u_muldiv/U_DIV/result_reg[24]/Q' [C:/Users/cosea/Documents/vivado/Arch_Project/Arch_Project.srcs/sources_1/new/division/fpu_div_fp32_vivado.v:240]
CRITICAL WARNING: [Synth 8-6859] multi-driven net on pin Q with 2nd driver pin 'GND' [C:/Users/cosea/Documents/vivado/Arch_Project/Arch_Project.srcs/sources_1/new/division/fpu_div_fp32_vivado.v:240]
CRITICAL WARNING: [Synth 8-6858] multi-driven net Q is connected to at least one constant driver which has been preserved, other driver is ignored [C:/Users/cosea/Documents/vivado/Arch_Project/Arch_Project.srcs/sources_1/new/division/fpu_div_fp32_vivado.v:240]
CRITICAL WARNING: [Synth 8-6859] multi-driven net on pin Q with 1st driver pin 'u_fpu/u_muldiv/U_DIV/result_reg[23]/Q' [C:/Users/cosea/Documents/vivado/Arch_Project/Arch_Project.srcs/sources_1/new/division/fpu_div_fp32_vivado.v:240]
CRITICAL WARNING: [Synth 8-6859] multi-driven net on pin Q with 2nd driver pin 'GND' [C:/Users/cosea/Documents/vivado/Arch_Project/Arch_Project.srcs/sources_1/new/division/fpu_div_fp32_vivado.v:240]
CRITICAL WARNING: [Synth 8-6858] multi-driven net Q is connected to at least one constant driver which has been preserved, other driver is ignored [C:/Users/cosea/Documents/vivado/Arch_Project/Arch_Project.srcs/sources_1/new/division/fpu_div_fp32_vivado.v:240]
CRITICAL WARNING: [Synth 8-6859] multi-driven net on pin Q with 1st driver pin 'u_fpu/u_muldiv/U_DIV/result_reg[22]/Q' [C:/Users/cosea/Documents/vivado/Arch_Project/Arch_Project.srcs/sources_1/new/division/fpu_div_fp32_vivado.v:240]
CRITICAL WARNING: [Synth 8-6859] multi-driven net on pin Q with 2nd driver pin 'GND' [C:/Users/cosea/Documents/vivado/Arch_Project/Arch_Project.srcs/sources_1/new/division/fpu_div_fp32_vivado.v:240]
CRITICAL WARNING: [Synth 8-6858] multi-driven net Q is connected to at least one constant driver which has been preserved, other driver is ignored [C:/Users/cosea/Documents/vivado/Arch_Project/Arch_Project.srcs/sources_1/new/division/fpu_div_fp32_vivado.v:240]
CRITICAL WARNING: [Synth 8-6859] multi-driven net on pin Q with 1st driver pin 'u_fpu/u_muldiv/U_DIV/result_reg[21]/Q' [C:/Users/cosea/Documents/vivado/Arch_Project/Arch_Project.srcs/sources_1/new/division/fpu_div_fp32_vivado.v:240]
CRITICAL WARNING: [Synth 8-6859] multi-driven net on pin Q with 2nd driver pin 'GND' [C:/Users/cosea/Documents/vivado/Arch_Project/Arch_Project.srcs/sources_1/new/division/fpu_div_fp32_vivado.v:240]
CRITICAL WARNING: [Synth 8-6858] multi-driven net Q is connected to at least one constant driver which has been preserved, other driver is ignored [C:/Users/cosea/Documents/vivado/Arch_Project/Arch_Project.srcs/sources_1/new/division/fpu_div_fp32_vivado.v:240]
CRITICAL WARNING: [Synth 8-6859] multi-driven net on pin Q with 1st driver pin 'u_fpu/u_muldiv/U_DIV/result_reg[20]/Q' [C:/Users/cosea/Documents/vivado/Arch_Project/Arch_Project.srcs/sources_1/new/division/fpu_div_fp32_vivado.v:240]
CRITICAL WARNING: [Synth 8-6859] multi-driven net on pin Q with 2nd driver pin 'GND' [C:/Users/cosea/Documents/vivado/Arch_Project/Arch_Project.srcs/sources_1/new/division/fpu_div_fp32_vivado.v:240]
CRITICAL WARNING: [Synth 8-6858] multi-driven net Q is connected to at least one constant driver which has been preserved, other driver is ignored [C:/Users/cosea/Documents/vivado/Arch_Project/Arch_Project.srcs/sources_1/new/division/fpu_div_fp32_vivado.v:240]
CRITICAL WARNING: [Synth 8-6859] multi-driven net on pin Q with 1st driver pin 'u_fpu/u_muldiv/U_DIV/result_reg[19]/Q' [C:/Users/cosea/Documents/vivado/Arch_Project/Arch_Project.srcs/sources_1/new/division/fpu_div_fp32_vivado.v:240]
CRITICAL WARNING: [Synth 8-6859] multi-driven net on pin Q with 2nd driver pin 'GND' [C:/Users/cosea/Documents/vivado/Arch_Project/Arch_Project.srcs/sources_1/new/division/fpu_div_fp32_vivado.v:240]
CRITICAL WARNING: [Synth 8-6858] multi-driven net Q is connected to at least one constant driver which has been preserved, other driver is ignored [C:/Users/cosea/Documents/vivado/Arch_Project/Arch_Project.srcs/sources_1/new/division/fpu_div_fp32_vivado.v:240]
CRITICAL WARNING: [Synth 8-6859] multi-driven net on pin Q with 1st driver pin 'u_fpu/u_muldiv/U_DIV/result_reg[18]/Q' [C:/Users/cosea/Documents/vivado/Arch_Project/Arch_Project.srcs/sources_1/new/division/fpu_div_fp32_vivado.v:240]
CRITICAL WARNING: [Synth 8-6859] multi-driven net on pin Q with 2nd driver pin 'GND' [C:/Users/cosea/Documents/vivado/Arch_Project/Arch_Project.srcs/sources_1/new/division/fpu_div_fp32_vivado.v:240]
CRITICAL WARNING: [Synth 8-6858] multi-driven net Q is connected to at least one constant driver which has been preserved, other driver is ignored [C:/Users/cosea/Documents/vivado/Arch_Project/Arch_Project.srcs/sources_1/new/division/fpu_div_fp32_vivado.v:240]
CRITICAL WARNING: [Synth 8-6859] multi-driven net on pin Q with 1st driver pin 'u_fpu/u_muldiv/U_DIV/result_reg[17]/Q' [C:/Users/cosea/Documents/vivado/Arch_Project/Arch_Project.srcs/sources_1/new/division/fpu_div_fp32_vivado.v:240]
CRITICAL WARNING: [Synth 8-6859] multi-driven net on pin Q with 2nd driver pin 'GND' [C:/Users/cosea/Documents/vivado/Arch_Project/Arch_Project.srcs/sources_1/new/division/fpu_div_fp32_vivado.v:240]
CRITICAL WARNING: [Synth 8-6858] multi-driven net Q is connected to at least one constant driver which has been preserved, other driver is ignored [C:/Users/cosea/Documents/vivado/Arch_Project/Arch_Project.srcs/sources_1/new/division/fpu_div_fp32_vivado.v:240]
CRITICAL WARNING: [Synth 8-6859] multi-driven net on pin Q with 1st driver pin 'u_fpu/u_muldiv/U_DIV/result_reg[16]/Q' [C:/Users/cosea/Documents/vivado/Arch_Project/Arch_Project.srcs/sources_1/new/division/fpu_div_fp32_vivado.v:240]
CRITICAL WARNING: [Synth 8-6859] multi-driven net on pin Q with 2nd driver pin 'GND' [C:/Users/cosea/Documents/vivado/Arch_Project/Arch_Project.srcs/sources_1/new/division/fpu_div_fp32_vivado.v:240]
CRITICAL WARNING: [Synth 8-6858] multi-driven net Q is connected to at least one constant driver which has been preserved, other driver is ignored [C:/Users/cosea/Documents/vivado/Arch_Project/Arch_Project.srcs/sources_1/new/division/fpu_div_fp32_vivado.v:240]
CRITICAL WARNING: [Synth 8-6859] multi-driven net on pin Q with 1st driver pin 'u_fpu/u_muldiv/U_DIV/result_reg[15]/Q' [C:/Users/cosea/Documents/vivado/Arch_Project/Arch_Project.srcs/sources_1/new/division/fpu_div_fp32_vivado.v:240]
CRITICAL WARNING: [Synth 8-6859] multi-driven net on pin Q with 2nd driver pin 'GND' [C:/Users/cosea/Documents/vivado/Arch_Project/Arch_Project.srcs/sources_1/new/division/fpu_div_fp32_vivado.v:240]
CRITICAL WARNING: [Synth 8-6858] multi-driven net Q is connected to at least one constant driver which has been preserved, other driver is ignored [C:/Users/cosea/Documents/vivado/Arch_Project/Arch_Project.srcs/sources_1/new/division/fpu_div_fp32_vivado.v:240]
CRITICAL WARNING: [Synth 8-6859] multi-driven net on pin Q with 1st driver pin 'u_fpu/u_muldiv/U_DIV/result_reg[14]/Q' [C:/Users/cosea/Documents/vivado/Arch_Project/Arch_Project.srcs/sources_1/new/division/fpu_div_fp32_vivado.v:240]
CRITICAL WARNING: [Synth 8-6859] multi-driven net on pin Q with 2nd driver pin 'GND' [C:/Users/cosea/Documents/vivado/Arch_Project/Arch_Project.srcs/sources_1/new/division/fpu_div_fp32_vivado.v:240]
CRITICAL WARNING: [Synth 8-6858] multi-driven net Q is connected to at least one constant driver which has been preserved, other driver is ignored [C:/Users/cosea/Documents/vivado/Arch_Project/Arch_Project.srcs/sources_1/new/division/fpu_div_fp32_vivado.v:240]
CRITICAL WARNING: [Synth 8-6859] multi-driven net on pin Q with 1st driver pin 'u_fpu/u_muldiv/U_DIV/result_reg[13]/Q' [C:/Users/cosea/Documents/vivado/Arch_Project/Arch_Project.srcs/sources_1/new/division/fpu_div_fp32_vivado.v:240]
CRITICAL WARNING: [Synth 8-6859] multi-driven net on pin Q with 2nd driver pin 'GND' [C:/Users/cosea/Documents/vivado/Arch_Project/Arch_Project.srcs/sources_1/new/division/fpu_div_fp32_vivado.v:240]
CRITICAL WARNING: [Synth 8-6858] multi-driven net Q is connected to at least one constant driver which has been preserved, other driver is ignored [C:/Users/cosea/Documents/vivado/Arch_Project/Arch_Project.srcs/sources_1/new/division/fpu_div_fp32_vivado.v:240]
CRITICAL WARNING: [Synth 8-6859] multi-driven net on pin Q with 1st driver pin 'u_fpu/u_muldiv/U_DIV/result_reg[12]/Q' [C:/Users/cosea/Documents/vivado/Arch_Project/Arch_Project.srcs/sources_1/new/division/fpu_div_fp32_vivado.v:240]
CRITICAL WARNING: [Synth 8-6859] multi-driven net on pin Q with 2nd driver pin 'GND' [C:/Users/cosea/Documents/vivado/Arch_Project/Arch_Project.srcs/sources_1/new/division/fpu_div_fp32_vivado.v:240]
CRITICAL WARNING: [Synth 8-6858] multi-driven net Q is connected to at least one constant driver which has been preserved, other driver is ignored [C:/Users/cosea/Documents/vivado/Arch_Project/Arch_Project.srcs/sources_1/new/division/fpu_div_fp32_vivado.v:240]
CRITICAL WARNING: [Synth 8-6859] multi-driven net on pin Q with 1st driver pin 'u_fpu/u_muldiv/U_DIV/result_reg[11]/Q' [C:/Users/cosea/Documents/vivado/Arch_Project/Arch_Project.srcs/sources_1/new/division/fpu_div_fp32_vivado.v:240]
CRITICAL WARNING: [Synth 8-6859] multi-driven net on pin Q with 2nd driver pin 'GND' [C:/Users/cosea/Documents/vivado/Arch_Project/Arch_Project.srcs/sources_1/new/division/fpu_div_fp32_vivado.v:240]
CRITICAL WARNING: [Synth 8-6858] multi-driven net Q is connected to at least one constant driver which has been preserved, other driver is ignored [C:/Users/cosea/Documents/vivado/Arch_Project/Arch_Project.srcs/sources_1/new/division/fpu_div_fp32_vivado.v:240]
CRITICAL WARNING: [Synth 8-6859] multi-driven net on pin Q with 1st driver pin 'u_fpu/u_muldiv/U_DIV/result_reg[10]/Q' [C:/Users/cosea/Documents/vivado/Arch_Project/Arch_Project.srcs/sources_1/new/division/fpu_div_fp32_vivado.v:240]
CRITICAL WARNING: [Synth 8-6859] multi-driven net on pin Q with 2nd driver pin 'GND' [C:/Users/cosea/Documents/vivado/Arch_Project/Arch_Project.srcs/sources_1/new/division/fpu_div_fp32_vivado.v:240]
CRITICAL WARNING: [Synth 8-6858] multi-driven net Q is connected to at least one constant driver which has been preserved, other driver is ignored [C:/Users/cosea/Documents/vivado/Arch_Project/Arch_Project.srcs/sources_1/new/division/fpu_div_fp32_vivado.v:240]
CRITICAL WARNING: [Synth 8-6859] multi-driven net on pin Q with 1st driver pin 'u_fpu/u_muldiv/U_DIV/result_reg[9]/Q' [C:/Users/cosea/Documents/vivado/Arch_Project/Arch_Project.srcs/sources_1/new/division/fpu_div_fp32_vivado.v:240]
CRITICAL WARNING: [Synth 8-6859] multi-driven net on pin Q with 2nd driver pin 'GND' [C:/Users/cosea/Documents/vivado/Arch_Project/Arch_Project.srcs/sources_1/new/division/fpu_div_fp32_vivado.v:240]
CRITICAL WARNING: [Synth 8-6858] multi-driven net Q is connected to at least one constant driver which has been preserved, other driver is ignored [C:/Users/cosea/Documents/vivado/Arch_Project/Arch_Project.srcs/sources_1/new/division/fpu_div_fp32_vivado.v:240]
CRITICAL WARNING: [Synth 8-6859] multi-driven net on pin Q with 1st driver pin 'u_fpu/u_muldiv/U_DIV/result_reg[8]/Q' [C:/Users/cosea/Documents/vivado/Arch_Project/Arch_Project.srcs/sources_1/new/division/fpu_div_fp32_vivado.v:240]
CRITICAL WARNING: [Synth 8-6859] multi-driven net on pin Q with 2nd driver pin 'GND' [C:/Users/cosea/Documents/vivado/Arch_Project/Arch_Project.srcs/sources_1/new/division/fpu_div_fp32_vivado.v:240]
CRITICAL WARNING: [Synth 8-6858] multi-driven net Q is connected to at least one constant driver which has been preserved, other driver is ignored [C:/Users/cosea/Documents/vivado/Arch_Project/Arch_Project.srcs/sources_1/new/division/fpu_div_fp32_vivado.v:240]
CRITICAL WARNING: [Synth 8-6859] multi-driven net on pin Q with 1st driver pin 'u_fpu/u_muldiv/U_DIV/result_reg[7]/Q' [C:/Users/cosea/Documents/vivado/Arch_Project/Arch_Project.srcs/sources_1/new/division/fpu_div_fp32_vivado.v:240]
CRITICAL WARNING: [Synth 8-6859] multi-driven net on pin Q with 2nd driver pin 'GND' [C:/Users/cosea/Documents/vivado/Arch_Project/Arch_Project.srcs/sources_1/new/division/fpu_div_fp32_vivado.v:240]
CRITICAL WARNING: [Synth 8-6858] multi-driven net Q is connected to at least one constant driver which has been preserved, other driver is ignored [C:/Users/cosea/Documents/vivado/Arch_Project/Arch_Project.srcs/sources_1/new/division/fpu_div_fp32_vivado.v:240]
CRITICAL WARNING: [Synth 8-6859] multi-driven net on pin Q with 1st driver pin 'u_fpu/u_muldiv/U_DIV/result_reg[6]/Q' [C:/Users/cosea/Documents/vivado/Arch_Project/Arch_Project.srcs/sources_1/new/division/fpu_div_fp32_vivado.v:240]
CRITICAL WARNING: [Synth 8-6859] multi-driven net on pin Q with 2nd driver pin 'GND' [C:/Users/cosea/Documents/vivado/Arch_Project/Arch_Project.srcs/sources_1/new/division/fpu_div_fp32_vivado.v:240]
CRITICAL WARNING: [Synth 8-6858] multi-driven net Q is connected to at least one constant driver which has been preserved, other driver is ignored [C:/Users/cosea/Documents/vivado/Arch_Project/Arch_Project.srcs/sources_1/new/division/fpu_div_fp32_vivado.v:240]
CRITICAL WARNING: [Synth 8-6859] multi-driven net on pin Q with 1st driver pin 'u_fpu/u_muldiv/U_DIV/result_reg[5]/Q' [C:/Users/cosea/Documents/vivado/Arch_Project/Arch_Project.srcs/sources_1/new/division/fpu_div_fp32_vivado.v:240]
CRITICAL WARNING: [Synth 8-6859] multi-driven net on pin Q with 2nd driver pin 'GND' [C:/Users/cosea/Documents/vivado/Arch_Project/Arch_Project.srcs/sources_1/new/division/fpu_div_fp32_vivado.v:240]
CRITICAL WARNING: [Synth 8-6858] multi-driven net Q is connected to at least one constant driver which has been preserved, other driver is ignored [C:/Users/cosea/Documents/vivado/Arch_Project/Arch_Project.srcs/sources_1/new/division/fpu_div_fp32_vivado.v:240]
CRITICAL WARNING: [Synth 8-6859] multi-driven net on pin Q with 1st driver pin 'u_fpu/u_muldiv/U_DIV/result_reg[4]/Q' [C:/Users/cosea/Documents/vivado/Arch_Project/Arch_Project.srcs/sources_1/new/division/fpu_div_fp32_vivado.v:240]
CRITICAL WARNING: [Synth 8-6859] multi-driven net on pin Q with 2nd driver pin 'GND' [C:/Users/cosea/Documents/vivado/Arch_Project/Arch_Project.srcs/sources_1/new/division/fpu_div_fp32_vivado.v:240]
CRITICAL WARNING: [Synth 8-6858] multi-driven net Q is connected to at least one constant driver which has been preserved, other driver is ignored [C:/Users/cosea/Documents/vivado/Arch_Project/Arch_Project.srcs/sources_1/new/division/fpu_div_fp32_vivado.v:240]
CRITICAL WARNING: [Synth 8-6859] multi-driven net on pin Q with 1st driver pin 'u_fpu/u_muldiv/U_DIV/result_reg[3]/Q' [C:/Users/cosea/Documents/vivado/Arch_Project/Arch_Project.srcs/sources_1/new/division/fpu_div_fp32_vivado.v:240]
CRITICAL WARNING: [Synth 8-6859] multi-driven net on pin Q with 2nd driver pin 'GND' [C:/Users/cosea/Documents/vivado/Arch_Project/Arch_Project.srcs/sources_1/new/division/fpu_div_fp32_vivado.v:240]
CRITICAL WARNING: [Synth 8-6858] multi-driven net Q is connected to at least one constant driver which has been preserved, other driver is ignored [C:/Users/cosea/Documents/vivado/Arch_Project/Arch_Project.srcs/sources_1/new/division/fpu_div_fp32_vivado.v:240]
CRITICAL WARNING: [Synth 8-6859] multi-driven net on pin Q with 1st driver pin 'u_fpu/u_muldiv/U_DIV/result_reg[2]/Q' [C:/Users/cosea/Documents/vivado/Arch_Project/Arch_Project.srcs/sources_1/new/division/fpu_div_fp32_vivado.v:240]
CRITICAL WARNING: [Synth 8-6859] multi-driven net on pin Q with 2nd driver pin 'GND' [C:/Users/cosea/Documents/vivado/Arch_Project/Arch_Project.srcs/sources_1/new/division/fpu_div_fp32_vivado.v:240]
CRITICAL WARNING: [Synth 8-6858] multi-driven net Q is connected to at least one constant driver which has been preserved, other driver is ignored [C:/Users/cosea/Documents/vivado/Arch_Project/Arch_Project.srcs/sources_1/new/division/fpu_div_fp32_vivado.v:240]
CRITICAL WARNING: [Synth 8-6859] multi-driven net on pin Q with 1st driver pin 'u_fpu/u_muldiv/U_DIV/result_reg[1]/Q' [C:/Users/cosea/Documents/vivado/Arch_Project/Arch_Project.srcs/sources_1/new/division/fpu_div_fp32_vivado.v:240]
CRITICAL WARNING: [Synth 8-6859] multi-driven net on pin Q with 2nd driver pin 'GND' [C:/Users/cosea/Documents/vivado/Arch_Project/Arch_Project.srcs/sources_1/new/division/fpu_div_fp32_vivado.v:240]
CRITICAL WARNING: [Synth 8-6858] multi-driven net Q is connected to at least one constant driver which has been preserved, other driver is ignored [C:/Users/cosea/Documents/vivado/Arch_Project/Arch_Project.srcs/sources_1/new/division/fpu_div_fp32_vivado.v:240]
CRITICAL WARNING: [Synth 8-6859] multi-driven net on pin Q with 1st driver pin 'u_fpu/u_muldiv/U_DIV/result_reg[0]/Q' [C:/Users/cosea/Documents/vivado/Arch_Project/Arch_Project.srcs/sources_1/new/division/fpu_div_fp32_vivado.v:240]
CRITICAL WARNING: [Synth 8-6859] multi-driven net on pin Q with 2nd driver pin 'GND' [C:/Users/cosea/Documents/vivado/Arch_Project/Arch_Project.srcs/sources_1/new/division/fpu_div_fp32_vivado.v:240]
CRITICAL WARNING: [Synth 8-6858] multi-driven net Q is connected to at least one constant driver which has been preserved, other driver is ignored [C:/Users/cosea/Documents/vivado/Arch_Project/Arch_Project.srcs/sources_1/new/division/fpu_div_fp32_vivado.v:240]
CRITICAL WARNING: [Synth 8-6859] multi-driven net on pin Q with 1st driver pin 'u_fpu/u_muldiv/U_DIV/flags_reg[4]/Q' [C:/Users/cosea/Documents/vivado/Arch_Project/Arch_Project.srcs/sources_1/new/division/fpu_div_fp32_vivado.v:241]
CRITICAL WARNING: [Synth 8-6859] multi-driven net on pin Q with 2nd driver pin 'GND' [C:/Users/cosea/Documents/vivado/Arch_Project/Arch_Project.srcs/sources_1/new/division/fpu_div_fp32_vivado.v:241]
CRITICAL WARNING: [Synth 8-6858] multi-driven net Q is connected to at least one constant driver which has been preserved, other driver is ignored [C:/Users/cosea/Documents/vivado/Arch_Project/Arch_Project.srcs/sources_1/new/division/fpu_div_fp32_vivado.v:241]
CRITICAL WARNING: [Synth 8-6859] multi-driven net on pin Q with 1st driver pin 'u_fpu/u_muldiv/U_DIV/flags_reg[3]/Q' [C:/Users/cosea/Documents/vivado/Arch_Project/Arch_Project.srcs/sources_1/new/division/fpu_div_fp32_vivado.v:241]
CRITICAL WARNING: [Synth 8-6859] multi-driven net on pin Q with 2nd driver pin 'GND' [C:/Users/cosea/Documents/vivado/Arch_Project/Arch_Project.srcs/sources_1/new/division/fpu_div_fp32_vivado.v:241]
CRITICAL WARNING: [Synth 8-6858] multi-driven net Q is connected to at least one constant driver which has been preserved, other driver is ignored [C:/Users/cosea/Documents/vivado/Arch_Project/Arch_Project.srcs/sources_1/new/division/fpu_div_fp32_vivado.v:241]
CRITICAL WARNING: [Synth 8-6859] multi-driven net on pin Q with 1st driver pin 'u_fpu/u_muldiv/U_DIV/flags_reg[2]/Q' [C:/Users/cosea/Documents/vivado/Arch_Project/Arch_Project.srcs/sources_1/new/division/fpu_div_fp32_vivado.v:241]
CRITICAL WARNING: [Synth 8-6859] multi-driven net on pin Q with 2nd driver pin 'GND' [C:/Users/cosea/Documents/vivado/Arch_Project/Arch_Project.srcs/sources_1/new/division/fpu_div_fp32_vivado.v:241]
CRITICAL WARNING: [Synth 8-6858] multi-driven net Q is connected to at least one constant driver which has been preserved, other driver is ignored [C:/Users/cosea/Documents/vivado/Arch_Project/Arch_Project.srcs/sources_1/new/division/fpu_div_fp32_vivado.v:241]
CRITICAL WARNING: [Synth 8-6859] multi-driven net on pin Q with 1st driver pin 'u_fpu/u_muldiv/U_DIV/flags_reg[1]/Q' [C:/Users/cosea/Documents/vivado/Arch_Project/Arch_Project.srcs/sources_1/new/division/fpu_div_fp32_vivado.v:241]
CRITICAL WARNING: [Synth 8-6859] multi-driven net on pin Q with 2nd driver pin 'GND' [C:/Users/cosea/Documents/vivado/Arch_Project/Arch_Project.srcs/sources_1/new/division/fpu_div_fp32_vivado.v:241]
CRITICAL WARNING: [Synth 8-6858] multi-driven net Q is connected to at least one constant driver which has been preserved, other driver is ignored [C:/Users/cosea/Documents/vivado/Arch_Project/Arch_Project.srcs/sources_1/new/division/fpu_div_fp32_vivado.v:241]
CRITICAL WARNING: [Synth 8-6859] multi-driven net on pin Q with 1st driver pin 'u_fpu/u_muldiv/U_DIV/flags_reg[0]/Q' [C:/Users/cosea/Documents/vivado/Arch_Project/Arch_Project.srcs/sources_1/new/division/fpu_div_fp32_vivado.v:241]
CRITICAL WARNING: [Synth 8-6859] multi-driven net on pin Q with 2nd driver pin 'GND' [C:/Users/cosea/Documents/vivado/Arch_Project/Arch_Project.srcs/sources_1/new/division/fpu_div_fp32_vivado.v:241]
CRITICAL WARNING: [Synth 8-6858] multi-driven net Q is connected to at least one constant driver which has been preserved, other driver is ignored [C:/Users/cosea/Documents/vivado/Arch_Project/Arch_Project.srcs/sources_1/new/division/fpu_div_fp32_vivado.v:241]
CRITICAL WARNING: [Synth 8-6859] multi-driven net on pin Q with 1st driver pin 'u_fpu/opcode_r_reg[1]__0/Q' [C:/Users/cosea/Documents/vivado/Arch_Project/Arch_Project.srcs/sources_1/new/src/fpu_top.v:67]
CRITICAL WARNING: [Synth 8-6859] multi-driven net on pin Q with 2nd driver pin 'GND' [C:/Users/cosea/Documents/vivado/Arch_Project/Arch_Project.srcs/sources_1/new/src/fpu_top.v:67]
CRITICAL WARNING: [Synth 8-6858] multi-driven net Q is connected to at least one constant driver which has been preserved, other driver is ignored [C:/Users/cosea/Documents/vivado/Arch_Project/Arch_Project.srcs/sources_1/new/src/fpu_top.v:67]
CRITICAL WARNING: [Synth 8-6859] multi-driven net on pin Q with 1st driver pin 'u_fpu/opcode_r_reg[0]__0/Q' [C:/Users/cosea/Documents/vivado/Arch_Project/Arch_Project.srcs/sources_1/new/src/fpu_top.v:67]
CRITICAL WARNING: [Synth 8-6859] multi-driven net on pin Q with 2nd driver pin 'GND' [C:/Users/cosea/Documents/vivado/Arch_Project/Arch_Project.srcs/sources_1/new/src/fpu_top.v:67]
CRITICAL WARNING: [Synth 8-6858] multi-driven net Q is connected to at least one constant driver which has been preserved, other driver is ignored [C:/Users/cosea/Documents/vivado/Arch_Project/Arch_Project.srcs/sources_1/new/src/fpu_top.v:67]
CRITICAL WARNING: [Synth 8-6859] multi-driven net on pin Q with 1st driver pin 'u_fpu/opa_r_reg[31]__0/Q' [C:/Users/cosea/Documents/vivado/Arch_Project/Arch_Project.srcs/sources_1/new/src/fpu_top.v:82]
CRITICAL WARNING: [Synth 8-6859] multi-driven net on pin Q with 2nd driver pin 'GND' [C:/Users/cosea/Documents/vivado/Arch_Project/Arch_Project.srcs/sources_1/new/src/fpu_top.v:82]
CRITICAL WARNING: [Synth 8-6858] multi-driven net Q is connected to at least one constant driver which has been preserved, other driver is ignored [C:/Users/cosea/Documents/vivado/Arch_Project/Arch_Project.srcs/sources_1/new/src/fpu_top.v:82]
CRITICAL WARNING: [Synth 8-6859] multi-driven net on pin Q with 1st driver pin 'u_fpu/opa_r_reg[30]__0/Q' [C:/Users/cosea/Documents/vivado/Arch_Project/Arch_Project.srcs/sources_1/new/src/fpu_top.v:82]
CRITICAL WARNING: [Synth 8-6859] multi-driven net on pin Q with 2nd driver pin 'GND' [C:/Users/cosea/Documents/vivado/Arch_Project/Arch_Project.srcs/sources_1/new/src/fpu_top.v:82]
CRITICAL WARNING: [Synth 8-6858] multi-driven net Q is connected to at least one constant driver which has been preserved, other driver is ignored [C:/Users/cosea/Documents/vivado/Arch_Project/Arch_Project.srcs/sources_1/new/src/fpu_top.v:82]
CRITICAL WARNING: [Synth 8-6859] multi-driven net on pin Q with 1st driver pin 'u_fpu/opa_r_reg[29]__0/Q' [C:/Users/cosea/Documents/vivado/Arch_Project/Arch_Project.srcs/sources_1/new/src/fpu_top.v:82]
CRITICAL WARNING: [Synth 8-6859] multi-driven net on pin Q with 2nd driver pin 'GND' [C:/Users/cosea/Documents/vivado/Arch_Project/Arch_Project.srcs/sources_1/new/src/fpu_top.v:82]
CRITICAL WARNING: [Synth 8-6858] multi-driven net Q is connected to at least one constant driver which has been preserved, other driver is ignored [C:/Users/cosea/Documents/vivado/Arch_Project/Arch_Project.srcs/sources_1/new/src/fpu_top.v:82]
CRITICAL WARNING: [Synth 8-6859] multi-driven net on pin Q with 1st driver pin 'u_fpu/opa_r_reg[28]__0/Q' [C:/Users/cosea/Documents/vivado/Arch_Project/Arch_Project.srcs/sources_1/new/src/fpu_top.v:82]
CRITICAL WARNING: [Synth 8-6859] multi-driven net on pin Q with 2nd driver pin 'GND' [C:/Users/cosea/Documents/vivado/Arch_Project/Arch_Project.srcs/sources_1/new/src/fpu_top.v:82]
CRITICAL WARNING: [Synth 8-6858] multi-driven net Q is connected to at least one constant driver which has been preserved, other driver is ignored [C:/Users/cosea/Documents/vivado/Arch_Project/Arch_Project.srcs/sources_1/new/src/fpu_top.v:82]
CRITICAL WARNING: [Synth 8-6859] multi-driven net on pin Q with 1st driver pin 'u_fpu/opa_r_reg[27]__0/Q' [C:/Users/cosea/Documents/vivado/Arch_Project/Arch_Project.srcs/sources_1/new/src/fpu_top.v:82]
CRITICAL WARNING: [Synth 8-6859] multi-driven net on pin Q with 2nd driver pin 'GND' [C:/Users/cosea/Documents/vivado/Arch_Project/Arch_Project.srcs/sources_1/new/src/fpu_top.v:82]
CRITICAL WARNING: [Synth 8-6858] multi-driven net Q is connected to at least one constant driver which has been preserved, other driver is ignored [C:/Users/cosea/Documents/vivado/Arch_Project/Arch_Project.srcs/sources_1/new/src/fpu_top.v:82]
CRITICAL WARNING: [Synth 8-6859] multi-driven net on pin Q with 1st driver pin 'u_fpu/opa_r_reg[26]__0/Q' [C:/Users/cosea/Documents/vivado/Arch_Project/Arch_Project.srcs/sources_1/new/src/fpu_top.v:82]
CRITICAL WARNING: [Synth 8-6859] multi-driven net on pin Q with 2nd driver pin 'GND' [C:/Users/cosea/Documents/vivado/Arch_Project/Arch_Project.srcs/sources_1/new/src/fpu_top.v:82]
CRITICAL WARNING: [Synth 8-6858] multi-driven net Q is connected to at least one constant driver which has been preserved, other driver is ignored [C:/Users/cosea/Documents/vivado/Arch_Project/Arch_Project.srcs/sources_1/new/src/fpu_top.v:82]
CRITICAL WARNING: [Synth 8-6859] multi-driven net on pin Q with 1st driver pin 'u_fpu/opa_r_reg[25]__0/Q' [C:/Users/cosea/Documents/vivado/Arch_Project/Arch_Project.srcs/sources_1/new/src/fpu_top.v:82]
CRITICAL WARNING: [Synth 8-6859] multi-driven net on pin Q with 2nd driver pin 'GND' [C:/Users/cosea/Documents/vivado/Arch_Project/Arch_Project.srcs/sources_1/new/src/fpu_top.v:82]
CRITICAL WARNING: [Synth 8-6858] multi-driven net Q is connected to at least one constant driver which has been preserved, other driver is ignored [C:/Users/cosea/Documents/vivado/Arch_Project/Arch_Project.srcs/sources_1/new/src/fpu_top.v:82]
CRITICAL WARNING: [Synth 8-6859] multi-driven net on pin Q with 1st driver pin 'u_fpu/opa_r_reg[24]__0/Q' [C:/Users/cosea/Documents/vivado/Arch_Project/Arch_Project.srcs/sources_1/new/src/fpu_top.v:82]
CRITICAL WARNING: [Synth 8-6859] multi-driven net on pin Q with 2nd driver pin 'GND' [C:/Users/cosea/Documents/vivado/Arch_Project/Arch_Project.srcs/sources_1/new/src/fpu_top.v:82]
CRITICAL WARNING: [Synth 8-6858] multi-driven net Q is connected to at least one constant driver which has been preserved, other driver is ignored [C:/Users/cosea/Documents/vivado/Arch_Project/Arch_Project.srcs/sources_1/new/src/fpu_top.v:82]
CRITICAL WARNING: [Synth 8-6859] multi-driven net on pin Q with 1st driver pin 'u_fpu/opa_r_reg[23]__0/Q' [C:/Users/cosea/Documents/vivado/Arch_Project/Arch_Project.srcs/sources_1/new/src/fpu_top.v:82]
CRITICAL WARNING: [Synth 8-6859] multi-driven net on pin Q with 2nd driver pin 'GND' [C:/Users/cosea/Documents/vivado/Arch_Project/Arch_Project.srcs/sources_1/new/src/fpu_top.v:82]
CRITICAL WARNING: [Synth 8-6858] multi-driven net Q is connected to at least one constant driver which has been preserved, other driver is ignored [C:/Users/cosea/Documents/vivado/Arch_Project/Arch_Project.srcs/sources_1/new/src/fpu_top.v:82]
CRITICAL WARNING: [Synth 8-6859] multi-driven net on pin Q with 1st driver pin 'u_fpu/opa_r_reg[22]__0/Q' [C:/Users/cosea/Documents/vivado/Arch_Project/Arch_Project.srcs/sources_1/new/src/fpu_top.v:82]
CRITICAL WARNING: [Synth 8-6859] multi-driven net on pin Q with 2nd driver pin 'GND' [C:/Users/cosea/Documents/vivado/Arch_Project/Arch_Project.srcs/sources_1/new/src/fpu_top.v:82]
CRITICAL WARNING: [Synth 8-6858] multi-driven net Q is connected to at least one constant driver which has been preserved, other driver is ignored [C:/Users/cosea/Documents/vivado/Arch_Project/Arch_Project.srcs/sources_1/new/src/fpu_top.v:82]
CRITICAL WARNING: [Synth 8-6859] multi-driven net on pin Q with 1st driver pin 'u_fpu/opa_r_reg[21]__0/Q' [C:/Users/cosea/Documents/vivado/Arch_Project/Arch_Project.srcs/sources_1/new/src/fpu_top.v:82]
CRITICAL WARNING: [Synth 8-6859] multi-driven net on pin Q with 2nd driver pin 'GND' [C:/Users/cosea/Documents/vivado/Arch_Project/Arch_Project.srcs/sources_1/new/src/fpu_top.v:82]
INFO: [Common 17-14] Message 'Synth 8-6859' appears 100 times and further instances of the messages will be disabled. Use the Tcl command set_msg_config to change the current settings.
CRITICAL WARNING: [Synth 8-6858] multi-driven net Q is connected to at least one constant driver which has been preserved, other driver is ignored [C:/Users/cosea/Documents/vivado/Arch_Project/Arch_Project.srcs/sources_1/new/src/fpu_top.v:82]
CRITICAL WARNING: [Synth 8-6858] multi-driven net Q is connected to at least one constant driver which has been preserved, other driver is ignored [C:/Users/cosea/Documents/vivado/Arch_Project/Arch_Project.srcs/sources_1/new/src/fpu_top.v:82]
CRITICAL WARNING: [Synth 8-6858] multi-driven net Q is connected to at least one constant driver which has been preserved, other driver is ignored [C:/Users/cosea/Documents/vivado/Arch_Project/Arch_Project.srcs/sources_1/new/src/fpu_top.v:82]
CRITICAL WARNING: [Synth 8-6858] multi-driven net Q is connected to at least one constant driver which has been preserved, other driver is ignored [C:/Users/cosea/Documents/vivado/Arch_Project/Arch_Project.srcs/sources_1/new/src/fpu_top.v:82]
CRITICAL WARNING: [Synth 8-6858] multi-driven net Q is connected to at least one constant driver which has been preserved, other driver is ignored [C:/Users/cosea/Documents/vivado/Arch_Project/Arch_Project.srcs/sources_1/new/src/fpu_top.v:82]
CRITICAL WARNING: [Synth 8-6858] multi-driven net Q is connected to at least one constant driver which has been preserved, other driver is ignored [C:/Users/cosea/Documents/vivado/Arch_Project/Arch_Project.srcs/sources_1/new/src/fpu_top.v:82]
CRITICAL WARNING: [Synth 8-6858] multi-driven net Q is connected to at least one constant driver which has been preserved, other driver is ignored [C:/Users/cosea/Documents/vivado/Arch_Project/Arch_Project.srcs/sources_1/new/src/fpu_top.v:82]
CRITICAL WARNING: [Synth 8-6858] multi-driven net Q is connected to at least one constant driver which has been preserved, other driver is ignored [C:/Users/cosea/Documents/vivado/Arch_Project/Arch_Project.srcs/sources_1/new/src/fpu_top.v:82]
CRITICAL WARNING: [Synth 8-6858] multi-driven net Q is connected to at least one constant driver which has been preserved, other driver is ignored [C:/Users/cosea/Documents/vivado/Arch_Project/Arch_Project.srcs/sources_1/new/src/fpu_top.v:82]
CRITICAL WARNING: [Synth 8-6858] multi-driven net Q is connected to at least one constant driver which has been preserved, other driver is ignored [C:/Users/cosea/Documents/vivado/Arch_Project/Arch_Project.srcs/sources_1/new/src/fpu_top.v:82]
CRITICAL WARNING: [Synth 8-6858] multi-driven net Q is connected to at least one constant driver which has been preserved, other driver is ignored [C:/Users/cosea/Documents/vivado/Arch_Project/Arch_Project.srcs/sources_1/new/src/fpu_top.v:82]
CRITICAL WARNING: [Synth 8-6858] multi-driven net Q is connected to at least one constant driver which has been preserved, other driver is ignored [C:/Users/cosea/Documents/vivado/Arch_Project/Arch_Project.srcs/sources_1/new/src/fpu_top.v:82]
CRITICAL WARNING: [Synth 8-6858] multi-driven net Q is connected to at least one constant driver which has been preserved, other driver is ignored [C:/Users/cosea/Documents/vivado/Arch_Project/Arch_Project.srcs/sources_1/new/src/fpu_top.v:82]
CRITICAL WARNING: [Synth 8-6858] multi-driven net Q is connected to at least one constant driver which has been preserved, other driver is ignored [C:/Users/cosea/Documents/vivado/Arch_Project/Arch_Project.srcs/sources_1/new/src/fpu_top.v:82]
CRITICAL WARNING: [Synth 8-6858] multi-driven net Q is connected to at least one constant driver which has been preserved, other driver is ignored [C:/Users/cosea/Documents/vivado/Arch_Project/Arch_Project.srcs/sources_1/new/src/fpu_top.v:82]
CRITICAL WARNING: [Synth 8-6858] multi-driven net Q is connected to at least one constant driver which has been preserved, other driver is ignored [C:/Users/cosea/Documents/vivado/Arch_Project/Arch_Project.srcs/sources_1/new/src/fpu_top.v:82]
CRITICAL WARNING: [Synth 8-6858] multi-driven net Q is connected to at least one constant driver which has been preserved, other driver is ignored [C:/Users/cosea/Documents/vivado/Arch_Project/Arch_Project.srcs/sources_1/new/src/fpu_top.v:82]
CRITICAL WARNING: [Synth 8-6858] multi-driven net Q is connected to at least one constant driver which has been preserved, other driver is ignored [C:/Users/cosea/Documents/vivado/Arch_Project/Arch_Project.srcs/sources_1/new/src/fpu_top.v:82]
CRITICAL WARNING: [Synth 8-6858] multi-driven net Q is connected to at least one constant driver which has been preserved, other driver is ignored [C:/Users/cosea/Documents/vivado/Arch_Project/Arch_Project.srcs/sources_1/new/src/fpu_top.v:82]
CRITICAL WARNING: [Synth 8-6858] multi-driven net Q is connected to at least one constant driver which has been preserved, other driver is ignored [C:/Users/cosea/Documents/vivado/Arch_Project/Arch_Project.srcs/sources_1/new/src/fpu_top.v:82]
CRITICAL WARNING: [Synth 8-6858] multi-driven net Q is connected to at least one constant driver which has been preserved, other driver is ignored [C:/Users/cosea/Documents/vivado/Arch_Project/Arch_Project.srcs/sources_1/new/src/fpu_top.v:82]
CRITICAL WARNING: [Synth 8-6858] multi-driven net Q is connected to at least one constant driver which has been preserved, other driver is ignored [C:/Users/cosea/Documents/vivado/Arch_Project/Arch_Project.srcs/sources_1/new/src/fpu_top.v:82]
CRITICAL WARNING: [Synth 8-6858] multi-driven net Q is connected to at least one constant driver which has been preserved, other driver is ignored [C:/Users/cosea/Documents/vivado/Arch_Project/Arch_Project.srcs/sources_1/new/src/fpu_top.v:83]
CRITICAL WARNING: [Synth 8-6858] multi-driven net Q is connected to at least one constant driver which has been preserved, other driver is ignored [C:/Users/cosea/Documents/vivado/Arch_Project/Arch_Project.srcs/sources_1/new/src/fpu_top.v:83]
CRITICAL WARNING: [Synth 8-6858] multi-driven net Q is connected to at least one constant driver which has been preserved, other driver is ignored [C:/Users/cosea/Documents/vivado/Arch_Project/Arch_Project.srcs/sources_1/new/src/fpu_top.v:83]
CRITICAL WARNING: [Synth 8-6858] multi-driven net Q is connected to at least one constant driver which has been preserved, other driver is ignored [C:/Users/cosea/Documents/vivado/Arch_Project/Arch_Project.srcs/sources_1/new/src/fpu_top.v:83]
CRITICAL WARNING: [Synth 8-6858] multi-driven net Q is connected to at least one constant driver which has been preserved, other driver is ignored [C:/Users/cosea/Documents/vivado/Arch_Project/Arch_Project.srcs/sources_1/new/src/fpu_top.v:83]
CRITICAL WARNING: [Synth 8-6858] multi-driven net Q is connected to at least one constant driver which has been preserved, other driver is ignored [C:/Users/cosea/Documents/vivado/Arch_Project/Arch_Project.srcs/sources_1/new/src/fpu_top.v:83]
CRITICAL WARNING: [Synth 8-6858] multi-driven net Q is connected to at least one constant driver which has been preserved, other driver is ignored [C:/Users/cosea/Documents/vivado/Arch_Project/Arch_Project.srcs/sources_1/new/src/fpu_top.v:83]
CRITICAL WARNING: [Synth 8-6858] multi-driven net Q is connected to at least one constant driver which has been preserved, other driver is ignored [C:/Users/cosea/Documents/vivado/Arch_Project/Arch_Project.srcs/sources_1/new/src/fpu_top.v:83]
CRITICAL WARNING: [Synth 8-6858] multi-driven net Q is connected to at least one constant driver which has been preserved, other driver is ignored [C:/Users/cosea/Documents/vivado/Arch_Project/Arch_Project.srcs/sources_1/new/src/fpu_top.v:83]
CRITICAL WARNING: [Synth 8-6858] multi-driven net Q is connected to at least one constant driver which has been preserved, other driver is ignored [C:/Users/cosea/Documents/vivado/Arch_Project/Arch_Project.srcs/sources_1/new/src/fpu_top.v:83]
CRITICAL WARNING: [Synth 8-6858] multi-driven net Q is connected to at least one constant driver which has been preserved, other driver is ignored [C:/Users/cosea/Documents/vivado/Arch_Project/Arch_Project.srcs/sources_1/new/src/fpu_top.v:83]
CRITICAL WARNING: [Synth 8-6858] multi-driven net Q is connected to at least one constant driver which has been preserved, other driver is ignored [C:/Users/cosea/Documents/vivado/Arch_Project/Arch_Project.srcs/sources_1/new/src/fpu_top.v:83]
CRITICAL WARNING: [Synth 8-6858] multi-driven net Q is connected to at least one constant driver which has been preserved, other driver is ignored [C:/Users/cosea/Documents/vivado/Arch_Project/Arch_Project.srcs/sources_1/new/src/fpu_top.v:83]
CRITICAL WARNING: [Synth 8-6858] multi-driven net Q is connected to at least one constant driver which has been preserved, other driver is ignored [C:/Users/cosea/Documents/vivado/Arch_Project/Arch_Project.srcs/sources_1/new/src/fpu_top.v:83]
CRITICAL WARNING: [Synth 8-6858] multi-driven net Q is connected to at least one constant driver which has been preserved, other driver is ignored [C:/Users/cosea/Documents/vivado/Arch_Project/Arch_Project.srcs/sources_1/new/src/fpu_top.v:83]
CRITICAL WARNING: [Synth 8-6858] multi-driven net Q is connected to at least one constant driver which has been preserved, other driver is ignored [C:/Users/cosea/Documents/vivado/Arch_Project/Arch_Project.srcs/sources_1/new/src/fpu_top.v:83]
CRITICAL WARNING: [Synth 8-6858] multi-driven net Q is connected to at least one constant driver which has been preserved, other driver is ignored [C:/Users/cosea/Documents/vivado/Arch_Project/Arch_Project.srcs/sources_1/new/src/fpu_top.v:83]
CRITICAL WARNING: [Synth 8-6858] multi-driven net Q is connected to at least one constant driver which has been preserved, other driver is ignored [C:/Users/cosea/Documents/vivado/Arch_Project/Arch_Project.srcs/sources_1/new/src/fpu_top.v:83]
CRITICAL WARNING: [Synth 8-6858] multi-driven net Q is connected to at least one constant driver which has been preserved, other driver is ignored [C:/Users/cosea/Documents/vivado/Arch_Project/Arch_Project.srcs/sources_1/new/src/fpu_top.v:83]
CRITICAL WARNING: [Synth 8-6858] multi-driven net Q is connected to at least one constant driver which has been preserved, other driver is ignored [C:/Users/cosea/Documents/vivado/Arch_Project/Arch_Project.srcs/sources_1/new/src/fpu_top.v:83]
CRITICAL WARNING: [Synth 8-6858] multi-driven net Q is connected to at least one constant driver which has been preserved, other driver is ignored [C:/Users/cosea/Documents/vivado/Arch_Project/Arch_Project.srcs/sources_1/new/src/fpu_top.v:83]
CRITICAL WARNING: [Synth 8-6858] multi-driven net Q is connected to at least one constant driver which has been preserved, other driver is ignored [C:/Users/cosea/Documents/vivado/Arch_Project/Arch_Project.srcs/sources_1/new/src/fpu_top.v:83]
CRITICAL WARNING: [Synth 8-6858] multi-driven net Q is connected to at least one constant driver which has been preserved, other driver is ignored [C:/Users/cosea/Documents/vivado/Arch_Project/Arch_Project.srcs/sources_1/new/src/fpu_top.v:83]
CRITICAL WARNING: [Synth 8-6858] multi-driven net Q is connected to at least one constant driver which has been preserved, other driver is ignored [C:/Users/cosea/Documents/vivado/Arch_Project/Arch_Project.srcs/sources_1/new/src/fpu_top.v:83]
CRITICAL WARNING: [Synth 8-6858] multi-driven net Q is connected to at least one constant driver which has been preserved, other driver is ignored [C:/Users/cosea/Documents/vivado/Arch_Project/Arch_Project.srcs/sources_1/new/src/fpu_top.v:83]
CRITICAL WARNING: [Synth 8-6858] multi-driven net Q is connected to at least one constant driver which has been preserved, other driver is ignored [C:/Users/cosea/Documents/vivado/Arch_Project/Arch_Project.srcs/sources_1/new/src/fpu_top.v:83]
CRITICAL WARNING: [Synth 8-6858] multi-driven net Q is connected to at least one constant driver which has been preserved, other driver is ignored [C:/Users/cosea/Documents/vivado/Arch_Project/Arch_Project.srcs/sources_1/new/src/fpu_top.v:83]
CRITICAL WARNING: [Synth 8-6858] multi-driven net Q is connected to at least one constant driver which has been preserved, other driver is ignored [C:/Users/cosea/Documents/vivado/Arch_Project/Arch_Project.srcs/sources_1/new/src/fpu_top.v:83]
CRITICAL WARNING: [Synth 8-6858] multi-driven net Q is connected to at least one constant driver which has been preserved, other driver is ignored [C:/Users/cosea/Documents/vivado/Arch_Project/Arch_Project.srcs/sources_1/new/src/fpu_top.v:83]
INFO: [Common 17-14] Message 'Synth 8-6858' appears 100 times and further instances of the messages will be disabled. Use the Tcl command set_msg_config to change the current settings.
---------------------------------------------------------------------------------
Finished Cross Boundary and Area Optimization : Time (s): cpu = 00:00:22 ; elapsed = 00:00:25 . Memory (MB): peak = 2011.445 ; gain = 1328.078
---------------------------------------------------------------------------------
 Sort Area is  PROD_0 : 0 0 : 3446 4760 : Used 1 time 0
 Sort Area is  PROD_0 : 0 1 : 1314 4760 : Used 1 time 0
---------------------------------------------------------------------------------
Start ROM, RAM, DSP, Shift Register and Retiming Reporting
---------------------------------------------------------------------------------

DSP: Preliminary Mapping Report (see note below. The ' indicates corresponding REG is set)
+--------------------+----------------+--------+--------+--------+--------+--------+------+------+------+------+-------+------+------+
|Module Name         | DSP Mapping    | A Size | B Size | C Size | D Size | P Size | AREG | BREG | CREG | DREG | ADREG | MREG | PREG | 
+--------------------+----------------+--------+--------+--------+--------+--------+------+------+------+------+-------+------+------+
|fpu_mul_fp32_vivado | A*B            | 25     | 18     | -      | -      | 48     | 0    | 0    | -    | -    | -     | 0    | 0    | 
|fpu_mul_fp32_vivado | (PCIN>>17)+A*B | 25     | 8      | -      | -      | 31     | 0    | 0    | -    | -    | -     | 0    | 0    | 
+--------------------+----------------+--------+--------+--------+--------+--------+------+------+------+------+-------+------+------+

Note: The table above is a preliminary report that shows the DSPs inferred at the current stage of the synthesis flow. Some DSP may be reimplemented as non DSP primitives later in the synthesis flow. Multiple instantiated DSPs are reported only once.
---------------------------------------------------------------------------------
Finished ROM, RAM, DSP, Shift Register and Retiming Reporting
---------------------------------------------------------------------------------
---------------------------------------------------------------------------------
Start Applying XDC Timing Constraints
---------------------------------------------------------------------------------
---------------------------------------------------------------------------------
Finished Applying XDC Timing Constraints : Time (s): cpu = 00:00:27 ; elapsed = 00:00:30 . Memory (MB): peak = 2011.445 ; gain = 1328.078
---------------------------------------------------------------------------------
---------------------------------------------------------------------------------
Start Timing Optimization
---------------------------------------------------------------------------------
---------------------------------------------------------------------------------
Finished Timing Optimization : Time (s): cpu = 00:00:27 ; elapsed = 00:00:30 . Memory (MB): peak = 2011.445 ; gain = 1328.078
---------------------------------------------------------------------------------
---------------------------------------------------------------------------------
Start Technology Mapping
---------------------------------------------------------------------------------
---------------------------------------------------------------------------------
Finished Technology Mapping : Time (s): cpu = 00:00:27 ; elapsed = 00:00:30 . Memory (MB): peak = 2011.445 ; gain = 1328.078
---------------------------------------------------------------------------------
---------------------------------------------------------------------------------
Start IO Insertion
---------------------------------------------------------------------------------
---------------------------------------------------------------------------------
Start Flattening Before IO Insertion
---------------------------------------------------------------------------------
---------------------------------------------------------------------------------
Finished Flattening Before IO Insertion
---------------------------------------------------------------------------------
---------------------------------------------------------------------------------
Start Final Netlist Cleanup
---------------------------------------------------------------------------------
---------------------------------------------------------------------------------
Finished Final Netlist Cleanup
---------------------------------------------------------------------------------
---------------------------------------------------------------------------------
Finished IO Insertion : Time (s): cpu = 00:00:30 ; elapsed = 00:00:33 . Memory (MB): peak = 2011.445 ; gain = 1328.078
---------------------------------------------------------------------------------
---------------------------------------------------------------------------------
Start Renaming Generated Instances
---------------------------------------------------------------------------------
---------------------------------------------------------------------------------
Finished Renaming Generated Instances : Time (s): cpu = 00:00:30 ; elapsed = 00:00:33 . Memory (MB): peak = 2011.445 ; gain = 1328.078
---------------------------------------------------------------------------------
---------------------------------------------------------------------------------
Start Rebuilding User Hierarchy
---------------------------------------------------------------------------------
---------------------------------------------------------------------------------
Finished Rebuilding User Hierarchy : Time (s): cpu = 00:00:30 ; elapsed = 00:00:33 . Memory (MB): peak = 2011.445 ; gain = 1328.078
---------------------------------------------------------------------------------
---------------------------------------------------------------------------------
Start Renaming Generated Ports
---------------------------------------------------------------------------------
---------------------------------------------------------------------------------
Finished Renaming Generated Ports : Time (s): cpu = 00:00:30 ; elapsed = 00:00:33 . Memory (MB): peak = 2011.445 ; gain = 1328.078
---------------------------------------------------------------------------------
---------------------------------------------------------------------------------
Start Handling Custom Attributes
---------------------------------------------------------------------------------
---------------------------------------------------------------------------------
Finished Handling Custom Attributes : Time (s): cpu = 00:00:30 ; elapsed = 00:00:33 . Memory (MB): peak = 2011.445 ; gain = 1328.078
---------------------------------------------------------------------------------
---------------------------------------------------------------------------------
Start Renaming Generated Nets
---------------------------------------------------------------------------------
---------------------------------------------------------------------------------
Finished Renaming Generated Nets : Time (s): cpu = 00:00:30 ; elapsed = 00:00:33 . Memory (MB): peak = 2011.445 ; gain = 1328.078
---------------------------------------------------------------------------------
---------------------------------------------------------------------------------
Start Writing Synthesis Report
---------------------------------------------------------------------------------

Report BlackBoxes: 
+-+--------------+----------+
| |BlackBox name |Instances |
+-+--------------+----------+
+-+--------------+----------+

Report Cell Usage: 
+------+-------+------+
|      |Cell   |Count |
+------+-------+------+
|1     |BUFG   |     1|
|2     |CARRY4 |     5|
|3     |LUT1   |     2|
|4     |LUT2   |     5|
|5     |LUT3   |     5|
|6     |LUT4   |     2|
|7     |LUT5   |     3|
|8     |LUT6   |     1|
|9     |FDCE   |    12|
|10    |FDPE   |     1|
|11    |FDRE   |    18|
|12    |FDSE   |     5|
|13    |IBUF   |     3|
|14    |OBUF   |    28|
+------+-------+------+
---------------------------------------------------------------------------------
Finished Writing Synthesis Report : Time (s): cpu = 00:00:30 ; elapsed = 00:00:33 . Memory (MB): peak = 2011.445 ; gain = 1328.078
---------------------------------------------------------------------------------
Synthesis finished with 0 errors, 315 critical warnings and 7 warnings.
Synthesis Optimization Runtime : Time (s): cpu = 00:00:23 ; elapsed = 00:00:31 . Memory (MB): peak = 2011.445 ; gain = 1246.188
Synthesis Optimization Complete : Time (s): cpu = 00:00:30 ; elapsed = 00:00:33 . Memory (MB): peak = 2011.445 ; gain = 1328.078
INFO: [Project 1-571] Translating synthesized netlist
Netlist sorting complete. Time (s): cpu = 00:00:00 ; elapsed = 00:00:00.005 . Memory (MB): peak = 2011.445 ; gain = 0.000
INFO: [Netlist 29-17] Analyzing 5 Unisim elements for replacement
INFO: [Netlist 29-28] Unisim Transformation completed in 0 CPU seconds
INFO: [Project 1-570] Preparing netlist for logic optimization
INFO: [Opt 31-138] Pushed 0 inverter(s) to 0 load pin(s).
Netlist sorting complete. Time (s): cpu = 00:00:00 ; elapsed = 00:00:00 . Memory (MB): peak = 2011.445 ; gain = 0.000
INFO: [Project 1-111] Unisim Transformation Summary:
No Unisim elements were transformed.

Synth Design complete | Checksum: b339a2b0
INFO: [Common 17-83] Releasing license: Synthesis
35 Infos, 20 Warnings, 200 Critical Warnings and 0 Errors encountered.
synth_design completed successfully
synth_design: Time (s): cpu = 00:00:33 ; elapsed = 00:00:39 . Memory (MB): peak = 2011.445 ; gain = 1519.770
INFO: [runtcl-6] Synthesis results are not added to the cache due to CRITICAL_WARNING
Write ShapeDB Complete: Time (s): cpu = 00:00:00 ; elapsed = 00:00:00.013 . Memory (MB): peak = 2011.445 ; gain = 0.000
INFO: [Common 17-1381] The checkpoint 'C:/Users/cosea/Documents/vivado/Arch_Project/Arch_Project.runs/synth_1/fp_alu_top.dcp' has been generated.
INFO: [Vivado 12-24828] Executing command : report_utilization -file fp_alu_top_utilization_synth.rpt -pb fp_alu_top_utilization_synth.pb
INFO: [Common 17-206] Exiting Vivado at Fri Oct 10 16:46:34 2025...
